<?xml version="1.0" encoding="UTF-8"?>
<!-- Generated by org.testng.reporters.JUnitReportReporter -->
<testsuite hostname="DESKTOP-EF30L3G" failures="0" tests="5" name="test.day3" time="0.033" errors="0" timestamp="2025-07-08T14:49:20 IST" skipped="0">
  <testcase classname="test.day3" name="weblogincarloan" time="0.005"/>
  <testcase classname="test.day3" name="weblogincarloan" time="0.002"/>
  <testcase classname="test.day3" name="weblogincarloan" time="0.003"/>
  <testcase classname="test.day3" name="LoginAPiCarloan" time="0.003"/>
  <testcase classname="test.day3" name="mobilelogincarloan" time="0.020"/>
</testsuite> <!-- test.day3 -->
