<?xml version="1.0" encoding="UTF-8"?>
<!-- Generated by org.testng.reporters.JUnitReportReporter -->
<testsuite hostname="DESKTOP-EF30L3G" failures="0" tests="2" name="test.day1" time="0.014" errors="0" timestamp="2025-07-08T14:36:32 IST" skipped="0">
  <testcase classname="test.day1" name="Mailpage" time="0.013"/>
  <testcase classname="test.day1" name="Setup" time="0.001"/>
</testsuite> <!-- test.day1 -->
